0 info it worked if it ends with ok
1 verbose cli [ '/usr/local/bin/node', '/usr/local/bin/npm', 'run', 'webpack' ]
2 info using npm@3.10.8
3 info using node@v6.9.1
4 verbose run-script [ 'prewebpack', 'webpack', 'postwebpack' ]
5 info lifecycle trakt@1.0.0~prewebpack: trakt@1.0.0
6 silly lifecycle trakt@1.0.0~prewebpack: no script for prewebpack, continuing
7 info lifecycle trakt@1.0.0~webpack: trakt@1.0.0
8 verbose lifecycle trakt@1.0.0~webpack: unsafe-perm in lifecycle true
9 verbose lifecycle trakt@1.0.0~webpack: PATH: /usr/local/lib/node_modules/npm/bin/node-gyp-bin:/Users/scottcampbell/Desktop/TRAKT/trakt/node_modules/.bin:/Users/scottcampbell/Desktop/TRAKT/env/bin:/Library/Frameworks/Python.framework/Versions/3.5/bin:/Users/scottcampbell/Desktop/FMTC-django/FMTC/gcloud init/google-cloud-sdk/bin:/Library/Frameworks/Python.framework/Versions/3.6/bin:/usr/local/bin:/usr/bin:/bin:/usr/sbin:/sbin
10 verbose lifecycle trakt@1.0.0~webpack: CWD: /Users/scottcampbell/Desktop/TRAKT/trakt
11 silly lifecycle trakt@1.0.0~webpack: Args: [ '-c', 'webpack --config webpack.config.js --watch' ]
12 silly lifecycle trakt@1.0.0~webpack: Returned: code: 1  signal: null
13 info lifecycle trakt@1.0.0~webpack: Failed to exec webpack script
14 verbose stack Error: trakt@1.0.0 webpack: `webpack --config webpack.config.js --watch`
14 verbose stack Exit status 1
14 verbose stack     at EventEmitter.<anonymous> (/usr/local/lib/node_modules/npm/lib/utils/lifecycle.js:255:16)
14 verbose stack     at emitTwo (events.js:106:13)
14 verbose stack     at EventEmitter.emit (events.js:191:7)
14 verbose stack     at ChildProcess.<anonymous> (/usr/local/lib/node_modules/npm/lib/utils/spawn.js:40:14)
14 verbose stack     at emitTwo (events.js:106:13)
14 verbose stack     at ChildProcess.emit (events.js:191:7)
14 verbose stack     at maybeClose (internal/child_process.js:877:16)
14 verbose stack     at Process.ChildProcess._handle.onexit (internal/child_process.js:226:5)
15 verbose pkgid trakt@1.0.0
16 verbose cwd /Users/scottcampbell/Desktop/TRAKT/trakt
17 error Darwin 15.6.0
18 error argv "/usr/local/bin/node" "/usr/local/bin/npm" "run" "webpack"
19 error node v6.9.1
20 error npm  v3.10.8
21 error code ELIFECYCLE
22 error trakt@1.0.0 webpack: `webpack --config webpack.config.js --watch`
22 error Exit status 1
23 error Failed at the trakt@1.0.0 webpack script 'webpack --config webpack.config.js --watch'.
23 error Make sure you have the latest version of node.js and npm installed.
23 error If you do, this is most likely a problem with the trakt package,
23 error not with npm itself.
23 error Tell the author that this fails on your system:
23 error     webpack --config webpack.config.js --watch
23 error You can get information on how to open an issue for this project with:
23 error     npm bugs trakt
23 error Or if that isn't available, you can get their info via:
23 error     npm owner ls trakt
23 error There is likely additional logging output above.
24 verbose exit [ 1, true ]
